<?xml version="1.0" encoding="UTF-8"?>
<!-- Generated by org.testng.reporters.JUnitXMLReporter -->
<testsuite hostname="LAPTOP-7D2HHGOJ" ignored="0" name="Default test" tests="3" failures="0" timestamp="25 May 2022 14:42:07 GMT" time="0.036" errors="0">
  <testcase name="mbd" time="0.007" classname="E2D.Selenium.Testngg"/>
  <testcase name="mbd" time="0.0" classname="E2D.Selenium.Testngg"/>
  <testcase name="mbd" time="0.002" classname="E2D.Selenium.Testngg"/>
</testsuite> <!-- Default test -->
