<?xml version="1.0" encoding="UTF-8"?>
<!-- Generated by org.testng.reporters.JUnitXMLReporter -->
<testsuite hostname="LAPTOP-7D2HHGOJ" ignored="0" name="Test" tests="4" failures="0" timestamp="01 Feb 2021 14:28:03 GMT" time="36.49" errors="0">
  <testcase name="validatebar" time="9.989" classname="E2D.Selenium.Validatenavigationbar1"/>
  <testcase name="basepageNavigation" time="9.285" classname="E2D.Selenium.HomePage"/>
  <testcase name="basepageNavigation" time="9.515" classname="E2D.Selenium.HomePage"/>
  <testcase name="Validate" time="7.678" classname="E2D.Selenium.ValidateNavigationBar"/>
</testsuite> <!-- Test -->
