<?xml version="1.0" encoding="UTF-8"?>
<!-- Generated by org.testng.reporters.JUnitXMLReporter -->
<testsuite hostname="LAPTOP-7D2HHGOJ" ignored="0" name="Test" tests="4" failures="0" timestamp="02 Feb 2021 08:00:24 GMT" time="28.891" errors="0">
  <testcase name="validatebar" time="0.058" classname="E2D.Selenium.Validatenavigationbar"/>
  <testcase name="basepageNavigation" time="5.231" classname="E2D.Selenium.HomePage"/>
  <testcase name="basepageNavigation" time="2.531" classname="E2D.Selenium.HomePage"/>
  <testcase name="Validate" time="0.041" classname="E2D.Selenium.ValidateHeader"/>
</testsuite> <!-- Test -->
