<?xml version="1.0" encoding="UTF-8"?>
<!-- Generated by org.testng.reporters.JUnitXMLReporter -->
<testsuite hostname="LAPTOP-7D2HHGOJ" ignored="0" name="Validating Header" tests="2" failures="2" timestamp="09 Feb 2021 05:11:12 GMT" time="11.486" errors="0">
  <testcase name="Validate" time="0.042" classname="E2D.Selenium.ValidateHeader">
    <failure type="java.lang.AssertionError" message="expected [FEATURED COURSES123] but found [FEATURED COURSES]">
      <![CDATA[java.lang.AssertionError: expected [FEATURED COURSES123] but found [FEATURED COURSES]
	at E2D.Selenium.ValidateHeader.Validate(ValidateHeader.java:32)
... Removed 34 stack frames]]>
    </failure>
  </testcase> <!-- Validate -->
  <testcase name="Validate" time="0.545" classname="E2D.Selenium.ValidateHeader">
    <failure type="java.lang.NoClassDefFoundError" message="org/apache/commons/io/FileUtils">
      <![CDATA[java.lang.NoClassDefFoundError: org/apache/commons/io/FileUtils
	at resources.Base.getScreenShotPath(Base.java:41)
	at E2D.Selenium.Listeners.onTestFailure(Listeners.java:36)
Caused by: java.lang.ClassNotFoundException: org.apache.commons.io.FileUtils
	at java.net.URLClassLoader.findClass(URLClassLoader.java:382)
	at java.lang.ClassLoader.loadClass(ClassLoader.java:418)
	at sun.misc.Launcher$AppClassLoader.loadClass(Launcher.java:355)
	at java.lang.ClassLoader.loadClass(ClassLoader.java:351)
	... 27 more
... Removed 25 stack frames]]>
    </failure>
  </testcase> <!-- Validate -->
</testsuite> <!-- Validating Header -->
