<?xml version="1.0" encoding="UTF-8"?>
<testng-results skipped="0" failed="0" ignored="0" total="3" passed="3">
  <reporter-output>
  </reporter-output>
  <suite name="Default suite" duration-ms="36" started-at="2022-05-25T14:42:07Z" finished-at="2022-05-25T14:42:07Z">
    <groups>
    </groups>
    <test name="Default test" duration-ms="36" started-at="2022-05-25T14:42:07Z" finished-at="2022-05-25T14:42:07Z">
      <class name="E2D.Selenium.Testngg">
        <test-method status="PASS" signature="mbd(java.lang.String, java.lang.String)[pri:0, instance:E2D.Selenium.Testngg@6ac13091]" name="mbd" duration-ms="7" started-at="2022-05-25T20:12:07Z" data-provider="getdata" finished-at="2022-05-25T20:12:07Z">
          <params>
            <param index="0">
              <value>
                <![CDATA[u1]]>
              </value>
            </param>
            <param index="1">
              <value>
                <![CDATA[p1]]>
              </value>
            </param>
          </params>
          <reporter-output>
          </reporter-output>
        </test-method> <!-- mbd -->
        <test-method status="PASS" signature="mbd(java.lang.String, java.lang.String)[pri:0, instance:E2D.Selenium.Testngg@6ac13091]" name="mbd" duration-ms="0" started-at="2022-05-25T20:12:07Z" data-provider="getdata" finished-at="2022-05-25T20:12:07Z">
          <params>
            <param index="0">
              <value>
                <![CDATA[u2]]>
              </value>
            </param>
            <param index="1">
              <value>
                <![CDATA[p2]]>
              </value>
            </param>
          </params>
          <reporter-output>
          </reporter-output>
        </test-method> <!-- mbd -->
        <test-method status="PASS" signature="mbd(java.lang.String, java.lang.String)[pri:0, instance:E2D.Selenium.Testngg@6ac13091]" name="mbd" duration-ms="2" started-at="2022-05-25T20:12:07Z" data-provider="getdata" finished-at="2022-05-25T20:12:07Z">
          <params>
            <param index="0">
              <value>
                <![CDATA[u3]]>
              </value>
            </param>
            <param index="1">
              <value>
                <![CDATA[p3]]>
              </value>
            </param>
          </params>
          <reporter-output>
          </reporter-output>
        </test-method> <!-- mbd -->
      </class> <!-- E2D.Selenium.Testngg -->
    </test> <!-- Default test -->
  </suite> <!-- Default suite -->
</testng-results>
